<?xml version="1.0" encoding="UTF-8"?>
<testsuite xmlns:xsi="http://www.w3.org/2001/XMLSchema-instance" xsi:noNamespaceSchemaLocation="https://maven.apache.org/surefire/maven-surefire-plugin/xsd/surefire-test-report-3.0.xsd" version="3.0" name="com.citaa.citaa.CitaaApplicationTests" time="43.87" tests="1" errors="0" skipped="0" failures="0">
  <properties>
[...]
</properties>
  <testcase name="contextLoads" classname="com.citaa.citaa.CitaaApplicationTests" time="0.703">
    <system-out><![CDATA[16:55:02.111 [main] INFO org.springframework.test.context.support.AnnotationConfigContextLoaderUtils -- Could not detect default configuration classes for test class [com.citaa.citaa.CitaaApplicationTests]: CitaaApplicationTests does not declare any static, non-private, non-final, nested classes annotated with @Configuration.
16:55:02.295 [main] INFO org.springframework.boot.test.context.SpringBootTestContextBootstrapper -- Found @SpringBootConfiguration com.citaa.citaa.CitaaApplication for test class com.citaa.citaa.CitaaApplicationTests
16:55:02.520 [main] INFO org.springframework.boot.devtools.restart.RestartApplicationListener -- Restart disabled due to context in which it is running

  .   ____          _            __ _ _
 /\\ / ___'_ __ _ _(_)_ __  __ _ \ \ \ \
( ( )\___ | '_ | '_| | '_ \/ _` | \ \ \ \
 \\/  ___)| |_)| | | | | || (_| |  ) ) ) )
  '  |____| .__|_| |_|_| |_\__, | / / / /
 =========|_|==============|___/=/_/_/_/

 :: Spring Boot ::                (v3.3.2)

2024-12-27T16:55:03.063+07:00  INFO 14252 --- [citaa] [           main] com.citaa.citaa.CitaaApplicationTests    : Starting CitaaApplicationTests using Java 22.0.2 with PID 14252 (started by nguyenvanlap in C:\Users\nguyenvanlap\Desktop\citaa-backend\citaa)
2024-12-27T16:55:03.066+07:00  INFO 14252 --- [citaa] [           main] com.citaa.citaa.CitaaApplicationTests    : No active profile set, falling back to 1 default profile: "default"
2024-12-27T16:55:04.468+07:00  INFO 14252 --- [citaa] [           main] .s.d.r.c.RepositoryConfigurationDelegate : Bootstrapping Spring Data JPA repositories in DEFAULT mode.
2024-12-27T16:55:04.652+07:00  INFO 14252 --- [citaa] [           main] .s.d.r.c.RepositoryConfigurationDelegate : Finished Spring Data repository scanning in 170 ms. Found 20 JPA repository interfaces.
2024-12-27T16:55:05.680+07:00  INFO 14252 --- [citaa] [           main] o.hibernate.jpa.internal.util.LogHelper  : HHH000204: Processing PersistenceUnitInfo [name: default]
2024-12-27T16:55:05.827+07:00  INFO 14252 --- [citaa] [           main] org.hibernate.Version                    : HHH000412: Hibernate ORM core version 6.5.2.Final
2024-12-27T16:55:05.915+07:00  INFO 14252 --- [citaa] [           main] o.h.c.internal.RegionFactoryInitiator    : HHH000026: Second-level cache disabled
2024-12-27T16:55:06.523+07:00  INFO 14252 --- [citaa] [           main] o.s.o.j.p.SpringPersistenceUnitInfo      : No LoadTimeWeaver setup: ignoring JPA class transformer
2024-12-27T16:55:06.584+07:00  INFO 14252 --- [citaa] [           main] com.zaxxer.hikari.HikariDataSource       : HikariPool-1 - Starting...
2024-12-27T16:55:09.176+07:00  INFO 14252 --- [citaa] [           main] com.zaxxer.hikari.pool.HikariPool        : HikariPool-1 - Added connection com.mysql.cj.jdbc.ConnectionImpl@e4b54d3
2024-12-27T16:55:09.178+07:00  INFO 14252 --- [citaa] [           main] com.zaxxer.hikari.HikariDataSource       : HikariPool-1 - Start completed.
2024-12-27T16:55:11.468+07:00  INFO 14252 --- [citaa] [           main] o.h.e.t.j.p.i.JtaPlatformInitiator       : HHH000489: No JTA platform available (set 'hibernate.transaction.jta.platform' to enable JTA platform integration)
2024-12-27T16:55:41.195+07:00  INFO 14252 --- [citaa] [           main] j.LocalContainerEntityManagerFactoryBean : Initialized JPA EntityManagerFactory for persistence unit 'default'
2024-12-27T16:55:41.642+07:00  INFO 14252 --- [citaa] [           main] o.s.d.j.r.query.QueryEnhancerFactory     : Hibernate is in classpath; If applicable, HQL parser will be used.
2024-12-27T16:55:43.316+07:00  WARN 14252 --- [citaa] [           main] JpaBaseConfiguration$JpaWebConfiguration : spring.jpa.open-in-view is enabled by default. Therefore, database queries may be performed during view rendering. Explicitly configure spring.jpa.open-in-view to disable this warning
2024-12-27T16:55:43.346+07:00  INFO 14252 --- [citaa] [           main] r$InitializeUserDetailsManagerConfigurer : Global AuthenticationManager configured with UserDetailsService bean with name customerUserDetailService
2024-12-27T16:55:44.355+07:00  INFO 14252 --- [citaa] [           main] o.s.m.s.b.SimpleBrokerMessageHandler     : Starting...
2024-12-27T16:55:44.356+07:00  INFO 14252 --- [citaa] [           main] o.s.m.s.b.SimpleBrokerMessageHandler     : BrokerAvailabilityEvent[available=true, SimpleBrokerMessageHandler [org.springframework.messaging.simp.broker.DefaultSubscriptionRegistry@15eb82fc]]
2024-12-27T16:55:44.357+07:00  INFO 14252 --- [citaa] [           main] o.s.m.s.b.SimpleBrokerMessageHandler     : Started.
2024-12-27T16:55:44.366+07:00  INFO 14252 --- [citaa] [           main] com.citaa.citaa.CitaaApplicationTests    : Started CitaaApplicationTests in 41.867 seconds (process running for 44.649)
]]></system-out>
    <system-err><![CDATA[WARNING: A Java agent has been loaded dynamically (C:\Users\nguyenvanlap\.m2\repository\net\bytebuddy\byte-buddy-agent\1.14.18\byte-buddy-agent-1.14.18.jar)
WARNING: If a serviceability tool is in use, please run with -XX:+EnableDynamicAgentLoading to hide this warning
WARNING: If a serviceability tool is not in use, please run with -Djdk.instrument.traceUsage for more information
WARNING: Dynamic loading of agents will be disallowed by default in a future release
]]></system-err>
  </testcase>
</testsuite>